2026-01-09 15:58:22,231 - __main__ - INFO - 🔐 SSL/TLS enabled with cert: cert.pem, key: key.pem
2026-01-09 15:58:22,232 - __main__ - INFO - 🌐 Starting server on 0.0.0.0:8000
2026-01-09 15:58:22,232 - __main__ - INFO - 📄 Documentation available at https://0.0.0.0:8000/docs
2026-01-09 15:58:57,393 - __main__ - INFO - 🔐 SSL/TLS enabled with cert: cert.pem, key: key.pem
2026-01-09 15:58:57,393 - __main__ - INFO - 🌐 Starting server on 0.0.0.0:8000
2026-01-09 15:58:57,394 - __main__ - INFO - 📄 Documentation available at https://0.0.0.0:8000/docs
2026-01-09 16:36:49,183 - __main__ - INFO - 🔐 SSL/TLS enabled with cert: cert.pem, key: key.pem
2026-01-09 16:36:49,191 - __main__ - INFO - 🌐 Starting server on 0.0.0.0:8000
2026-01-09 16:36:49,191 - __main__ - INFO - 📄 Documentation available at https://0.0.0.0:8000/docs
2026-01-09 16:48:04,000 - __main__ - INFO - 🔐 SSL/TLS enabled with cert: cert.pem, key: key.pem
2026-01-09 16:48:04,001 - __main__ - INFO - 🌐 Starting server on 0.0.0.0:8000
2026-01-09 16:48:04,002 - __main__ - INFO - 📄 Documentation available at https://0.0.0.0:8000/docs
2026-01-09 16:48:07,470 - app - INFO - 🚀 Application starting up...
2026-01-09 16:48:07,470 - app - INFO - Startup time: 2026-01-09 19:48:07.470394
2026-01-09 16:48:07,471 - app - INFO - 🚀 Application starting up...
2026-01-09 16:48:07,478 - app - INFO - Startup time: 2026-01-09 19:48:07.471571
2026-01-09 16:48:07,482 - app - INFO - 🚀 Application starting up...
2026-01-09 16:48:07,482 - app - INFO - Startup time: 2026-01-09 19:48:07.482815
2026-01-09 16:48:07,494 - app - INFO - 🚀 Application starting up...
2026-01-09 16:48:07,494 - app - INFO - Startup time: 2026-01-09 19:48:07.494375
2026-01-09 16:48:29,048 - app - INFO - 📥 GET / - Request ID: N/A
2026-01-09 16:48:29,053 - app - INFO - 📤 GET / - Status: 200
2026-01-09 16:48:29,702 - app - INFO - 📥 GET /favicon.ico - Request ID: N/A
2026-01-09 16:48:29,703 - app - INFO - 📤 GET /favicon.ico - Status: 404
2026-01-09 16:49:03,559 - app - INFO - 🛑 Application shutting down...
2026-01-09 16:49:03,560 - app - INFO - 🛑 Application shutting down...
2026-01-09 16:49:18,210 - app - INFO - 🛑 Application shutting down...
2026-01-15 11:17:11,164 - __main__ - INFO - 🔐 SSL/TLS enabled with cert: cert.pem, key: key.pem
2026-01-15 11:17:11,165 - __main__ - INFO - 🌐 Starting server on 0.0.0.0:8000
2026-01-15 11:17:11,166 - __main__ - INFO - 📄 Documentation available at https://0.0.0.0:8000/docs
2026-01-15 11:17:18,083 - app - INFO - 🚀 Application starting up...
2026-01-15 11:17:18,083 - app - INFO - Startup time: 2026-01-15 14:17:18.083326
2026-01-15 11:17:18,084 - app - INFO - 🚀 Application starting up...
2026-01-15 11:17:18,084 - app - INFO - Startup time: 2026-01-15 14:17:18.084108
2026-01-15 11:17:18,085 - app - INFO - 🚀 Application starting up...
2026-01-15 11:17:18,086 - app - INFO - Startup time: 2026-01-15 14:17:18.085283
2026-01-15 11:17:18,088 - app - INFO - 🚀 Application starting up...
2026-01-15 11:17:18,089 - app - INFO - Startup time: 2026-01-15 14:17:18.088875
2026-01-15 11:27:10,075 - app - INFO - 🛑 Application shutting down...
2026-01-15 11:27:10,108 - app - INFO - 🛑 Application shutting down...
2026-01-15 11:27:10,121 - app - INFO - 🛑 Application shutting down...
2026-01-21 20:21:45,801 - __main__ - INFO - 🔐 SSL/TLS enabled with cert: cert.pem, key: key.pem
2026-01-21 20:21:45,802 - __main__ - INFO - 🌐 Starting server on 0.0.0.0:8000
2026-01-21 20:21:45,803 - __main__ - INFO - 📄 Documentation available at https://0.0.0.0:8000/docs
2026-01-21 20:21:47,754 - app - INFO - 🚀 Application starting up...
2026-01-21 20:21:47,755 - app - INFO - 🚀 Application starting up...
2026-01-21 20:21:47,755 - app - INFO - Startup time: 2026-01-21 23:21:47.755791
2026-01-21 20:21:47,757 - app - INFO - Startup time: 2026-01-21 23:21:47.754445
2026-01-21 20:21:47,758 - app - INFO - 🚀 Application starting up...
2026-01-21 20:21:47,758 - app - INFO - 🚀 Application starting up...
2026-01-21 20:21:47,760 - app - INFO - Startup time: 2026-01-21 23:21:47.758267
2026-01-21 20:21:47,760 - app - INFO - Startup time: 2026-01-21 23:21:47.758553
2026-01-21 20:21:48,063 - app - INFO - 🛑 Application shutting down...
2026-01-21 20:21:48,064 - app - INFO - 🛑 Application shutting down...
2026-01-21 20:21:48,089 - app - INFO - 🛑 Application shutting down...
2026-01-21 20:21:48,090 - app - INFO - 🛑 Application shutting down...
2026-01-21 20:22:01,454 - __main__ - INFO - 🔐 SSL/TLS enabled with cert: cert.pem, key: key.pem
2026-01-21 20:22:01,454 - __main__ - INFO - 🌐 Starting server on 0.0.0.0:8000
2026-01-21 20:22:01,454 - __main__ - INFO - 📄 Documentation available at https://0.0.0.0:8000/docs
2026-01-21 20:22:04,728 - app - INFO - 🚀 Application starting up...
2026-01-21 20:22:04,729 - app - INFO - Startup time: 2026-01-21 23:22:04.728615
2026-01-21 20:22:04,774 - app - INFO - 🚀 Application starting up...
2026-01-21 20:22:04,774 - app - INFO - Startup time: 2026-01-21 23:22:04.774766
2026-01-21 20:22:04,787 - app - INFO - 🚀 Application starting up...
2026-01-21 20:22:04,795 - app - INFO - Startup time: 2026-01-21 23:22:04.787940
2026-01-21 20:22:04,808 - app - INFO - 🚀 Application starting up...
2026-01-21 20:22:04,810 - app - INFO - Startup time: 2026-01-21 23:22:04.808648
2026-01-21 20:53:12,337 - app - INFO - 🛑 Application shutting down...
2026-01-21 20:53:12,338 - app - INFO - 🛑 Application shutting down...
2026-01-21 20:53:12,339 - app - INFO - 🛑 Application shutting down...
2026-01-21 20:53:12,339 - app - INFO - 🛑 Application shutting down...
